host: DESKTOP-DB0GPKE
Building DAG of jobs...
Provided cores: 4
Rules claiming more threads will be scaled down.
Job stats:
job                count
---------------  -------
all                    1
filter_variants        2
variant_calling        2
total                  5

Select jobs to execute...
Execute 2 jobs...

[Wed Jan 15 12:13:11 2025]
localrule variant_calling:
    input: data/sample2.bam, data/sample2.bam.bai, reference/GRCh38.p10.genome.fa, data/ROI.bed
    output: results/sample2.raw.vcf
    jobid: 5
    reason: Missing output files: results/sample2.raw.vcf
    wildcards: sample=sample2
    resources: tmpdir=C:\Users\HP\AppData\Local\Temp


[Wed Jan 15 12:13:17 2025]
localrule variant_calling:
    input: data/sample1.bam, data/sample1.bam.bai, reference/GRCh38.p10.genome.fa, data/ROI.bed
    output: results/sample1.raw.vcf
    jobid: 2
    reason: Missing output files: results/sample1.raw.vcf
    wildcards: sample=sample1
    resources: tmpdir=C:\Users\HP\AppData\Local\Temp

[Wed Jan 15 12:13:17 2025]
Error in rule variant_calling:
    jobid: 2
    input: data/sample1.bam, data/sample1.bam.bai, reference/GRCh38.p10.genome.fa, data/ROI.bed
    output: results/sample1.raw.vcf
    shell:
        
        bcftools mpileup -f reference/GRCh38.p10.genome.fa -R data/ROI.bed data/sample1.bam |         bcftools call -mv -Ov -o results/sample1.raw.vcf
        
        (one of the commands exited with non-zero exit code; note that snakemake uses bash strict mode!)

[Wed Jan 15 12:13:17 2025]
Error in rule variant_calling:
    jobid: 5
    input: data/sample2.bam, data/sample2.bam.bai, reference/GRCh38.p10.genome.fa, data/ROI.bed
    output: results/sample2.raw.vcf
    shell:
        
        bcftools mpileup -f reference/GRCh38.p10.genome.fa -R data/ROI.bed data/sample2.bam |         bcftools call -mv -Ov -o results/sample2.raw.vcf
        
        (one of the commands exited with non-zero exit code; note that snakemake uses bash strict mode!)

Shutting down, this might take some time.
Exiting because a job execution failed. Look above for error message
Complete log: .snakemake\log\2025-01-15T121311.343102.snakemake.log
WorkflowError:
At least one job did not complete successfully.
